<?xml version="1.0" encoding="UTF-8"?>
<!-- Generated by org.testng.reporters.JUnitReportReporter -->
<testsuite hostname="MSI" failures="0" tests="1" name="testNgStudy.testngbrowser" time="6.012" errors="0" timestamp="2022-06-22T12:22:23 IST" skipped="0">
  <testcase classname="testNgStudy.testngbrowser" name="testng" time="6.012"/>
  <system-out/>
</testsuite> <!-- testNgStudy.testngbrowser -->
